app/build/outputs/logs/manifest-merger-release-report.txt
-- Merging decision tree log ---
manifest
ADDED from AndroidManifest.xml:2:1
	package
		ADDED from AndroidManifest.xml:3:5
		INJECTED from AndroidManifest.xml:0:0
		INJECTED from AndroidManifest.xml:0:0
	android:versionName
		INJECTED from AndroidManifest.xml:0:0
		INJECTED from AndroidManifest.xml:0:0
	xmlns:android
		ADDED from AndroidManifest.xml:2:11
	android:versionCode
		INJECTED from AndroidManifest.xml:0:0
		INJECTED from AndroidManifest.xml:0:0
application
ADDED from AndroidManifest.xml:5:5
MERGED from com.android.support:appcompat-v7:22.1.1:22:5
MERGED from com.android.support:support-v4:22.1.1:22:5
MERGED from MyCamara:tanaar_171207:unspecified:58:5
MERGED from com.android.support:appcompat-v7:22.1.1:22:5
MERGED from com.android.support:support-v4:22.1.1:22:5
	android:allowBackup
		ADDED from AndroidManifest.xml:6:9
	android:icon
		ADDED from MyCamara:tanaar_171207:unspecified:61:9
	android:theme
		ADDED from AndroidManifest.xml:7:9
	android:name
		ADDED from MyCamara:tanaar_171207:unspecified:59:9
activity#com.tan.mycamera.MainActivity
ADDED from AndroidManifest.xml:8:9
	android:label
		ADDED from AndroidManifest.xml:10:13
	android:name
		ADDED from AndroidManifest.xml:9:13
intent-filter#android.intent.action.MAIN+android.intent.category.LAUNCHER
ADDED from AndroidManifest.xml:11:13
action#android.intent.action.MAIN
ADDED from AndroidManifest.xml:12:17
	android:name
		ADDED from AndroidManifest.xml:12:25
category#android.intent.category.LAUNCHER
ADDED from AndroidManifest.xml:14:17
	android:name
		ADDED from AndroidManifest.xml:14:27
uses-sdk
INJECTED from AndroidManifest.xml:0:0 reason: use-sdk injection requested
MERGED from com.android.support:appcompat-v7:22.1.1:20:5
MERGED from com.android.support:support-v4:22.1.1:20:5
MERGED from MyCamara:tanaar_171207:unspecified:7:5
MERGED from com.android.support:appcompat-v7:22.1.1:20:5
MERGED from com.android.support:support-v4:22.1.1:20:5
	android:targetSdkVersion
		INJECTED from AndroidManifest.xml:0:0
		INJECTED from AndroidManifest.xml:0:0
	android:minSdkVersion
		INJECTED from AndroidManifest.xml:0:0
		INJECTED from AndroidManifest.xml:0:0
uses-permission#android.permission.EXPAND_STATUS_BAR
ADDED from MyCamara:tanaar_171207:unspecified:12:5
	android:name
		ADDED from MyCamara:tanaar_171207:unspecified:12:22
uses-permission#android.permission.READ_EXTERNAL_STORAGE
ADDED from MyCamara:tanaar_171207:unspecified:14:5
	android:name
		ADDED from MyCamara:tanaar_171207:unspecified:14:22
uses-permission#android.permission.WRITE_EXTERNAL_STORAGE
ADDED from MyCamara:tanaar_171207:unspecified:15:5
	android:name
		ADDED from MyCamara:tanaar_171207:unspecified:15:22
uses-permission#android.permission.CAMERA
ADDED from MyCamara:tanaar_171207:unspecified:17:5
	android:name
		ADDED from MyCamara:tanaar_171207:unspecified:17:22
uses-feature#android.hardware.camera
ADDED from MyCamara:tanaar_171207:unspecified:19:5
	android:name
		ADDED from MyCamara:tanaar_171207:unspecified:19:19
uses-feature#android.hardware.camera.autofocus
ADDED from MyCamara:tanaar_171207:unspecified:20:5
	android:name
		ADDED from MyCamara:tanaar_171207:unspecified:20:19
uses-feature#android.hardware.camera.flash
ADDED from MyCamara:tanaar_171207:unspecified:21:5
	android:name
		ADDED from MyCamara:tanaar_171207:unspecified:21:19
uses-permission#android.permission.FLASHLIGHT
ADDED from MyCamara:tanaar_171207:unspecified:23:5
	android:name
		ADDED from MyCamara:tanaar_171207:unspecified:23:22
uses-permission#android.permission.ACCESS_COARSE_LOCATION
ADDED from MyCamara:tanaar_171207:unspecified:25:5
	android:name
		ADDED from MyCamara:tanaar_171207:unspecified:25:22
uses-permission#android.permission.ACCESS_WIFI_STATE
ADDED from MyCamara:tanaar_171207:unspecified:28:5
	android:name
		ADDED from MyCamara:tanaar_171207:unspecified:28:22
uses-permission#android.permission.CHANGE_WIFI_STATE
ADDED from MyCamara:tanaar_171207:unspecified:29:5
	android:name
		ADDED from MyCamara:tanaar_171207:unspecified:29:22
uses-permission#android.permission.ACCESS_NETWORK_STATE
ADDED from MyCamara:tanaar_171207:unspecified:30:5
	android:name
		ADDED from MyCamara:tanaar_171207:unspecified:30:22
uses-permission#android.permission.INTERNET
ADDED from MyCamara:tanaar_171207:unspecified:32:5
	android:name
		ADDED from MyCamara:tanaar_171207:unspecified:32:22
uses-permission#android.permission.READ_PHONE_STATE
ADDED from MyCamara:tanaar_171207:unspecified:34:5
	android:name
		ADDED from MyCamara:tanaar_171207:unspecified:34:22
uses-permission#android.permission.CALL_PHONE
ADDED from MyCamara:tanaar_171207:unspecified:36:5
	android:name
		ADDED from MyCamara:tanaar_171207:unspecified:36:22
uses-permission#android.permission.SEND_SMS
ADDED from MyCamara:tanaar_171207:unspecified:38:5
	android:name
		ADDED from MyCamara:tanaar_171207:unspecified:38:22
uses-permission#android.permission.READ_CONTACTS
ADDED from MyCamara:tanaar_171207:unspecified:41:5
	android:name
		ADDED from MyCamara:tanaar_171207:unspecified:41:22
uses-permission#android.permission.READ_SMS
ADDED from MyCamara:tanaar_171207:unspecified:44:5
	android:name
		ADDED from MyCamara:tanaar_171207:unspecified:44:22
uses-permission#android.permission.KILL_BACKGROUND_PROCESSES
ADDED from MyCamara:tanaar_171207:unspecified:46:5
	android:name
		ADDED from MyCamara:tanaar_171207:unspecified:46:22
uses-permission#android.permission.SYSTEM_ALERT_WINDOW
ADDED from MyCamara:tanaar_171207:unspecified:48:5
	android:name
		ADDED from MyCamara:tanaar_171207:unspecified:48:22
uses-permission#android.permission.WAKE_LOCK
ADDED from MyCamara:tanaar_171207:unspecified:49:5
	android:name
		ADDED from MyCamara:tanaar_171207:unspecified:49:22
uses-permission#android.permission.VIBRATE
ADDED from MyCamara:tanaar_171207:unspecified:50:5
	android:name
		ADDED from MyCamara:tanaar_171207:unspecified:50:22
uses-permission#android.permission.RECORD_AUDIO
ADDED from MyCamara:tanaar_171207:unspecified:52:5
	android:name
		ADDED from MyCamara:tanaar_171207:unspecified:52:22
uses-permission#com.android.launcher.permission.INSTALL_SHORTCUT
ADDED from MyCamara:tanaar_171207:unspecified:54:5
	android:name
		ADDED from MyCamara:tanaar_171207:unspecified:54:22
uses-permission#com.android.browser.permission.READ_HISTORY_BOOKMARKS
ADDED from MyCamara:tanaar_171207:unspecified:55:5
	android:name
		ADDED from MyCamara:tanaar_171207:unspecified:55:22
uses-permission#com.android.browser.permission.WRITE_HISTORY_BOOKMARKS
ADDED from MyCamara:tanaar_171207:unspecified:56:5
	android:name
		ADDED from MyCamara:tanaar_171207:unspecified:56:22
activity#glidedisanfang.tyq.com.tanaar_171207.MainActivity
ADDED from MyCamara:tanaar_171207:unspecified:62:9
	android:screenOrientation
		ADDED from MyCamara:tanaar_171207:unspecified:64:13
	android:name
		ADDED from MyCamara:tanaar_171207:unspecified:63:13
activity#glidedisanfang.tyq.com.tanaar_171207.activity.DevelopActivity
ADDED from MyCamara:tanaar_171207:unspecified:66:9
	android:screenOrientation
		ADDED from MyCamara:tanaar_171207:unspecified:69:13
	android:label
		ADDED from MyCamara:tanaar_171207:unspecified:68:13
	android:name
		ADDED from MyCamara:tanaar_171207:unspecified:67:13
activity#glidedisanfang.tyq.com.tanaar_171207.myzxing.activity.CaptureActivity
ADDED from MyCamara:tanaar_171207:unspecified:71:9
	android:screenOrientation
		ADDED from MyCamara:tanaar_171207:unspecified:74:13
	android:windowSoftInputMode
		ADDED from MyCamara:tanaar_171207:unspecified:75:13
	android:configChanges
		ADDED from MyCamara:tanaar_171207:unspecified:73:13
	android:name
		ADDED from MyCamara:tanaar_171207:unspecified:72:13
receiver#glidedisanfang.tyq.com.tanaar_171207.receiver.KillAllRecevier
ADDED from MyCamara:tanaar_171207:unspecified:77:9
	android:name
		ADDED from MyCamara:tanaar_171207:unspecified:77:19
intent-filter#com.qzd.mobilesafe.killall
ADDED from MyCamara:tanaar_171207:unspecified:78:13
action#com.qzd.mobilesafe.killall
ADDED from MyCamara:tanaar_171207:unspecified:79:17
	android:name
		ADDED from MyCamara:tanaar_171207:unspecified:79:25
service#glidedisanfang.tyq.com.tanaar_171207.service.AutoCleanService
ADDED from MyCamara:tanaar_171207:unspecified:83:9
	android:name
		ADDED from MyCamara:tanaar_171207:unspecified:83:18
activity#glidedisanfang.tyq.com.tanaar_171207.activity.MoBanActivity
ADDED from MyCamara:tanaar_171207:unspecified:85:9
	android:screenOrientation
		ADDED from MyCamara:tanaar_171207:unspecified:88:13
	android:label
		ADDED from MyCamara:tanaar_171207:unspecified:87:13
	android:name
		ADDED from MyCamara:tanaar_171207:unspecified:86:13
activity#glidedisanfang.tyq.com.tanaar_171207.activity.LoginActivity
ADDED from MyCamara:tanaar_171207:unspecified:90:9
	android:screenOrientation
		ADDED from MyCamara:tanaar_171207:unspecified:93:13
	android:label
		ADDED from MyCamara:tanaar_171207:unspecified:92:13
	android:name
		ADDED from MyCamara:tanaar_171207:unspecified:91:13
activity#glidedisanfang.tyq.com.tanaar_171207.activity.ModifyPassWordActivity
ADDED from MyCamara:tanaar_171207:unspecified:103:9
	android:screenOrientation
		ADDED from MyCamara:tanaar_171207:unspecified:106:13
	android:label
		ADDED from MyCamara:tanaar_171207:unspecified:105:13
	android:name
		ADDED from MyCamara:tanaar_171207:unspecified:104:13
activity#glidedisanfang.tyq.com.tanaar_171207.activity.SplashScreenActivity
ADDED from MyCamara:tanaar_171207:unspecified:108:9
	android:screenOrientation
		ADDED from MyCamara:tanaar_171207:unspecified:111:13
	android:label
		ADDED from MyCamara:tanaar_171207:unspecified:110:13
	android:name
		ADDED from MyCamara:tanaar_171207:unspecified:109:13